trunk_V2.4.0/IMLib/build/outputs/logs/manifest-merger-debug-report.txt
-- Merging decision tree log ---
manifest
ADDED from trunk_V2.4.0\IMLib\AndroidManifest.xml:1:1-63:12
INJECTED from trunk_V2.4.0\IMLib\AndroidManifest.xml:1:1-63:12
INJECTED from trunk_V2.4.0\IMLib\AndroidManifest.xml:1:1-63:12
INJECTED from trunk_V2.4.0\IMLib\AndroidManifest.xml:1:1-63:12
INJECTED from trunk_V2.4.0\IMLib\AndroidManifest.xml:1:1-63:12
INJECTED from trunk_V2.4.0\IMLib\AndroidManifest.xml:1:1-63:12
INJECTED from trunk_V2.4.0\IMLib\AndroidManifest.xml:1:1-63:12
	package
		ADDED from trunk_V2.4.0\IMLib\AndroidManifest.xml:2:5-28
		INJECTED from trunk_V2.4.0\IMLib\AndroidManifest.xml
		INJECTED from trunk_V2.4.0\IMLib\AndroidManifest.xml
	android:versionName
		INJECTED from trunk_V2.4.0\IMLib\AndroidManifest.xml
		ADDED from trunk_V2.4.0\IMLib\AndroidManifest.xml:1:1-63:12
		INJECTED from trunk_V2.4.0\IMLib\AndroidManifest.xml
	android:versionCode
		INJECTED from trunk_V2.4.0\IMLib\AndroidManifest.xml
		ADDED from trunk_V2.4.0\IMLib\AndroidManifest.xml:1:1-63:12
		INJECTED from trunk_V2.4.0\IMLib\AndroidManifest.xml
	xmlns:android
		ADDED from trunk_V2.4.0\IMLib\AndroidManifest.xml:1:11-69
uses-permission#android.permission.WRITE_EXTERNAL_STORAGE
ADDED from trunk_V2.4.0\IMLib\AndroidManifest.xml:5:5-81
	android:name
		ADDED from trunk_V2.4.0\IMLib\AndroidManifest.xml:5:22-78
uses-permission#android.permission.INTERNET
ADDED from trunk_V2.4.0\IMLib\AndroidManifest.xml:7:5-67
	android:name
		ADDED from trunk_V2.4.0\IMLib\AndroidManifest.xml:7:22-64
uses-permission#android.permission.ACCESS_NETWORK_STATE
ADDED from trunk_V2.4.0\IMLib\AndroidManifest.xml:8:5-79
	android:name
		ADDED from trunk_V2.4.0\IMLib\AndroidManifest.xml:8:22-76
uses-permission#android.permission.ACCESS_WIFI_STATE
ADDED from trunk_V2.4.0\IMLib\AndroidManifest.xml:9:5-76
	android:name
		ADDED from trunk_V2.4.0\IMLib\AndroidManifest.xml:9:22-73
uses-permission#android.permission.WAKE_LOCK
ADDED from trunk_V2.4.0\IMLib\AndroidManifest.xml:11:5-68
	android:name
		ADDED from trunk_V2.4.0\IMLib\AndroidManifest.xml:11:22-65
application
ADDED from trunk_V2.4.0\IMLib\AndroidManifest.xml:15:5-61:19
meta-data#RONG_CLOUD_APP_KEY
ADDED from trunk_V2.4.0\IMLib\AndroidManifest.xml:18:9-20:43
	android:value
		ADDED from trunk_V2.4.0\IMLib\AndroidManifest.xml:20:13-40
	android:name
		ADDED from trunk_V2.4.0\IMLib\AndroidManifest.xml:19:13-46
service#io.rong.imlib.ipc.RongService
ADDED from trunk_V2.4.0\IMLib\AndroidManifest.xml:22:9-24:38
	android:process
		ADDED from trunk_V2.4.0\IMLib\AndroidManifest.xml:24:13-35
	android:name
		ADDED from trunk_V2.4.0\IMLib\AndroidManifest.xml:23:13-57
receiver#io.rong.imlib.ConnectChangeReceiver
ADDED from trunk_V2.4.0\IMLib\AndroidManifest.xml:26:9-72
	android:name
		ADDED from trunk_V2.4.0\IMLib\AndroidManifest.xml:26:19-69
receiver#io.rong.imlib.HeartbeatReceiver
ADDED from trunk_V2.4.0\IMLib\AndroidManifest.xml:28:9-30:38
	android:process
		ADDED from trunk_V2.4.0\IMLib\AndroidManifest.xml:30:13-35
	android:name
		ADDED from trunk_V2.4.0\IMLib\AndroidManifest.xml:29:13-59
service#io.rong.push.rongpush.PushService
ADDED from trunk_V2.4.0\IMLib\AndroidManifest.xml:34:9-38:46
	android:process
		ADDED from trunk_V2.4.0\IMLib\AndroidManifest.xml:38:13-43
	android:exported
		ADDED from trunk_V2.4.0\IMLib\AndroidManifest.xml:36:13-36
	android:permission
		ADDED from trunk_V2.4.0\IMLib\AndroidManifest.xml:37:13-69
	android:name
		ADDED from trunk_V2.4.0\IMLib\AndroidManifest.xml:35:13-61
receiver#io.rong.push.rongpush.PushReceiver
ADDED from trunk_V2.4.0\IMLib\AndroidManifest.xml:41:9-56:20
	android:process
		ADDED from trunk_V2.4.0\IMLib\AndroidManifest.xml:43:13-43
	android:name
		ADDED from trunk_V2.4.0\IMLib\AndroidManifest.xml:42:13-62
intent-filter#android.net.conn.CONNECTIVITY_CHANGE+io.rong.push.intent.action.HEART_BEAT
ADDED from trunk_V2.4.0\IMLib\AndroidManifest.xml:45:13-48:29
action#io.rong.push.intent.action.HEART_BEAT
ADDED from trunk_V2.4.0\IMLib\AndroidManifest.xml:46:17-80
	android:name
		ADDED from trunk_V2.4.0\IMLib\AndroidManifest.xml:46:25-77
action#android.net.conn.CONNECTIVITY_CHANGE
ADDED from trunk_V2.4.0\IMLib\AndroidManifest.xml:47:17-79
	android:name
		ADDED from trunk_V2.4.0\IMLib\AndroidManifest.xml:47:25-76
intent-filter#android.intent.action.ACTION_POWER_CONNECTED+android.intent.action.ACTION_POWER_DISCONNECTED+android.intent.action.USER_PRESENT
ADDED from trunk_V2.4.0\IMLib\AndroidManifest.xml:51:13-55:29
action#android.intent.action.USER_PRESENT
ADDED from trunk_V2.4.0\IMLib\AndroidManifest.xml:52:17-77
	android:name
		ADDED from trunk_V2.4.0\IMLib\AndroidManifest.xml:52:25-74
action#android.intent.action.ACTION_POWER_CONNECTED
ADDED from trunk_V2.4.0\IMLib\AndroidManifest.xml:53:17-87
	android:name
		ADDED from trunk_V2.4.0\IMLib\AndroidManifest.xml:53:25-84
action#android.intent.action.ACTION_POWER_DISCONNECTED
ADDED from trunk_V2.4.0\IMLib\AndroidManifest.xml:54:17-90
	android:name
		ADDED from trunk_V2.4.0\IMLib\AndroidManifest.xml:54:25-87
uses-sdk
INJECTED from trunk_V2.4.0\IMLib\AndroidManifest.xml reason: use-sdk injection requested
INJECTED from trunk_V2.4.0\IMLib\AndroidManifest.xml
INJECTED from trunk_V2.4.0\IMLib\AndroidManifest.xml
INJECTED from trunk_V2.4.0\IMLib\AndroidManifest.xml
INJECTED from trunk_V2.4.0\IMLib\AndroidManifest.xml
	android:targetSdkVersion
		INJECTED from trunk_V2.4.0\IMLib\AndroidManifest.xml
		ADDED from trunk_V2.4.0\IMLib\AndroidManifest.xml
		INJECTED from trunk_V2.4.0\IMLib\AndroidManifest.xml
	android:minSdkVersion
		INJECTED from trunk_V2.4.0\IMLib\AndroidManifest.xml
		ADDED from trunk_V2.4.0\IMLib\AndroidManifest.xml
		INJECTED from trunk_V2.4.0\IMLib\AndroidManifest.xml